<?xml version="1.0" encoding="UTF-8"?>
<testsuite name="Academy Choucair" tests="1" skipped="0" failures="0" errors="0" timestamp="2023-08-22T04:33:25" hostname="MARIA-ALEJANDRA" time="40.922">
  <properties/>
  <testcase name="Search for a automation course" classname="Academy Choucair" time="40.922"/>
  <system-out><![CDATA[]]></system-out>
  <system-err><![CDATA[[Test worker] WARN net.thucydides.core.steps.BaseStepListener - stepStarted: net.thucydides.core.steps.ExecutedStepDescription@5f3b9c57
[Test worker] WARN net.thucydides.core.steps.BaseStepListener - stepStarted: net.thucydides.core.steps.ExecutedStepDescription@1dc2de84
[Test worker] WARN net.thucydides.core.steps.BaseStepListener - stepStarted: net.thucydides.core.steps.ExecutedStepDescription@971e903
ago 21, 2023 11:33:25 PM org.openqa.selenium.remote.DesiredCapabilities chrome
INFORMACIÓN: Using `new ChromeOptions()` is preferred to `DesiredCapabilities.chrome()`
[Test worker] INFO net.serenitybdd.core.webdriver.driverproviders.ProvideNewDriver - Instantiating driver
[Test worker] INFO net.serenitybdd.core.webdriver.driverproviders.ProvideNewDriver - Driver capabilities: Capabilities {acceptInsecureCerts: false, browserName: chrome, chrome.switches: --start-maximized, goog:chromeOptions: {args: [--start-maximized], extensions: []}, loggingPrefs: org.openqa.selenium.logging..., platform: ANY, version: }
Starting ChromeDriver 114.0.5735.16 (7e1ff058633f5b79b1cd7479aca585ba385519d8-refs/branch-heads/5735@{#182}) on port 28217
Only local connections are allowed.
Please see https://chromedriver.chromium.org/security-considerations for suggestions on keeping ChromeDriver safe.
ChromeDriver was started successfully.
[1692678808.980][WARNING]: This version of ChromeDriver has not been tested with Chrome version 115.
ago 21, 2023 11:33:29 PM org.openqa.selenium.remote.ProtocolHandshake createSession
INFORMACIÓN: Detected dialect: W3C
[Test worker] WARN net.thucydides.core.steps.BaseStepListener - stepFinished: current outcome:Search for a automation course:Given Maria wants to register on the Utest platform [Maria open up [Maria opens the Utest page]]
[Test worker] WARN net.thucydides.core.steps.BaseStepListener - stepFinished: current outcome:Search for a automation course:Given Maria wants to register on the Utest platform [Maria open up [Maria opens the Utest page]]
[Test worker] WARN net.thucydides.core.steps.BaseStepListener - stepStarted: net.thucydides.core.steps.ExecutedStepDescription@22c53d82
[Test worker] WARN net.thucydides.core.steps.BaseStepListener - stepStarted: net.thucydides.core.steps.ExecutedStepDescription@723877dd
[Test worker] WARN net.thucydides.core.steps.BaseStepListener - stepFinished: current outcome:Search for a automation course:Given Maria wants to register on the Utest platform [Maria open up [Maria opens the Utest page], Maria register [Maria clicks on button that shows us the form to register]]
[Test worker] WARN net.thucydides.core.steps.BaseStepListener - stepStarted: net.thucydides.core.steps.ExecutedStepDescription@41d16cc3
[Test worker] WARN net.thucydides.core.steps.BaseStepListener - stepFinished: current outcome:Search for a automation course:Given Maria wants to register on the Utest platform [Maria open up [Maria opens the Utest page], Maria register [Maria clicks on button that shows us the form to register, Maria enters 'Maria' into where do we write first name]]
[Test worker] WARN net.thucydides.core.steps.BaseStepListener - stepStarted: net.thucydides.core.steps.ExecutedStepDescription@5a515e5d
[Test worker] WARN net.thucydides.core.steps.BaseStepListener - stepFinished: current outcome:Search for a automation course:Given Maria wants to register on the Utest platform [Maria open up [Maria opens the Utest page], Maria register [Maria clicks on button that shows us the form to register, Maria enters 'Maria' into where do we write first name, Maria enters 'Rodriguez' into where do we write last name]]
[Test worker] WARN net.thucydides.core.steps.BaseStepListener - stepStarted: net.thucydides.core.steps.ExecutedStepDescription@6adc5b9c
[Test worker] WARN net.thucydides.core.steps.BaseStepListener - stepFinished: current outcome:Search for a automation course:Given Maria wants to register on the Utest platform [Maria open up [Maria opens the Utest page], Maria register [Maria clicks on button that shows us the form to register, Maria enters 'Maria' into where do we write first name, Maria enters 'Rodriguez' into where do we write last name, Maria enters 'malejarodri@gmail.com.co' into where do we write email]]
[Test worker] WARN net.thucydides.core.steps.BaseStepListener - stepStarted: net.thucydides.core.steps.ExecutedStepDescription@6b649efa
[Test worker] WARN net.thucydides.core.steps.BaseStepListener - stepFinished: current outcome:Search for a automation course:Given Maria wants to register on the Utest platform [Maria open up [Maria opens the Utest page], Maria register [Maria clicks on button that shows us the form to register, Maria enters 'Maria' into where do we write first name, Maria enters 'Rodriguez' into where do we write last name, Maria enters 'malejarodri@gmail.com.co' into where do we write email, Maria select November on where do we select month]]
[Test worker] WARN net.thucydides.core.steps.BaseStepListener - stepStarted: net.thucydides.core.steps.ExecutedStepDescription@21de60a7
[Test worker] WARN net.thucydides.core.steps.BaseStepListener - stepFinished: current outcome:Search for a automation course:Given Maria wants to register on the Utest platform [Maria open up [Maria opens the Utest page], Maria register [Maria clicks on button that shows us the form to register, Maria enters 'Maria' into where do we write first name, Maria enters 'Rodriguez' into where do we write last name, Maria enters 'malejarodri@gmail.com.co' into where do we write email, Maria select November on where do we select month, Maria select 11 on where do select day]]
[Test worker] WARN net.thucydides.core.steps.BaseStepListener - stepStarted: net.thucydides.core.steps.ExecutedStepDescription@1e1232cf
[Test worker] WARN net.thucydides.core.steps.BaseStepListener - stepFinished: current outcome:Search for a automation course:Given Maria wants to register on the Utest platform [Maria open up [Maria opens the Utest page], Maria register [Maria clicks on button that shows us the form to register, Maria enters 'Maria' into where do we write first name, Maria enters 'Rodriguez' into where do we write last name, Maria enters 'malejarodri@gmail.com.co' into where do we write email, Maria select November on where do we select month, Maria select 11 on where do select day, Maria select 2000 on where do we select year]]
[Test worker] WARN net.thucydides.core.steps.BaseStepListener - stepStarted: net.thucydides.core.steps.ExecutedStepDescription@637791d
[Test worker] WARN net.thucydides.core.steps.BaseStepListener - stepFinished: current outcome:Search for a automation course:Given Maria wants to register on the Utest platform [Maria open up [Maria opens the Utest page], Maria register [Maria clicks on button that shows us the form to register, Maria enters 'Maria' into where do we write first name, Maria enters 'Rodriguez' into where do we write last name, Maria enters 'malejarodri@gmail.com.co' into where do we write email, Maria select November on where do we select month, Maria select 11 on where do select day, Maria select 2000 on where do we select year, Maria clicks on Where do go to next page]]
[Test worker] WARN net.thucydides.core.steps.BaseStepListener - stepStarted: net.thucydides.core.steps.ExecutedStepDescription@3592c1c4
[Test worker] WARN net.thucydides.core.steps.BaseStepListener - stepFinished: current outcome:Search for a automation course:Given Maria wants to register on the Utest platform [Maria open up [Maria opens the Utest page], Maria register [Maria clicks on button that shows us the form to register, Maria enters 'Maria' into where do we write first name, Maria enters 'Rodriguez' into where do we write last name, Maria enters 'malejarodri@gmail.com.co' into where do we write email, Maria select November on where do we select month, Maria select 11 on where do select day, Maria select 2000 on where do we select year, Maria clicks on Where do go to next page, Maria clicks on where do we write city]]
[Test worker] WARN net.thucydides.core.steps.BaseStepListener - stepStarted: net.thucydides.core.steps.ExecutedStepDescription@4e22368c
[Test worker] WARN net.thucydides.core.steps.BaseStepListener - stepFinished: current outcome:Search for a automation course:Given Maria wants to register on the Utest platform [Maria open up [Maria opens the Utest page], Maria register [Maria clicks on button that shows us the form to register, Maria enters 'Maria' into where do we write first name, Maria enters 'Rodriguez' into where do we write last name, Maria enters 'malejarodri@gmail.com.co' into where do we write email, Maria select November on where do we select month, Maria select 11 on where do select day, Maria select 2000 on where do we select year, Maria clicks on Where do go to next page, Maria clicks on where do we write city, Maria enters 'Pereira' into where do we write city]]
[Test worker] WARN net.thucydides.core.steps.BaseStepListener - stepStarted: net.thucydides.core.steps.ExecutedStepDescription@3421debd
[Test worker] WARN net.thucydides.core.steps.BaseStepListener - stepFinished: current outcome:Search for a automation course:Given Maria wants to register on the Utest platform [Maria open up [Maria opens the Utest page], Maria register [Maria clicks on button that shows us the form to register, Maria enters 'Maria' into where do we write first name, Maria enters 'Rodriguez' into where do we write last name, Maria enters 'malejarodri@gmail.com.co' into where do we write email, Maria select November on where do we select month, Maria select 11 on where do select day, Maria select 2000 on where do we select year, Maria clicks on Where do go to next page, Maria clicks on where do we write city, Maria enters 'Pereira' into where do we write city, Maria types 'ARROW_DOWN' in where do we write city]]
[Test worker] WARN net.thucydides.core.steps.BaseStepListener - stepStarted: net.thucydides.core.steps.ExecutedStepDescription@1af4955e
[Test worker] WARN net.thucydides.core.steps.BaseStepListener - stepFinished: current outcome:Search for a automation course:Given Maria wants to register on the Utest platform [Maria open up [Maria opens the Utest page], Maria register [Maria clicks on button that shows us the form to register, Maria enters 'Maria' into where do we write first name, Maria enters 'Rodriguez' into where do we write last name, Maria enters 'malejarodri@gmail.com.co' into where do we write email, Maria select November on where do we select month, Maria select 11 on where do select day, Maria select 2000 on where do we select year, Maria clicks on Where do go to next page, Maria clicks on where do we write city, Maria enters 'Pereira' into where do we write city, Maria types 'ARROW_DOWN' in where do we write city, Maria types 'ENTER' in where do we write city]]
[Test worker] WARN net.thucydides.core.steps.BaseStepListener - stepStarted: net.thucydides.core.steps.ExecutedStepDescription@79a13920
[Test worker] WARN net.thucydides.core.steps.BaseStepListener - stepFinished: current outcome:Search for a automation course:Given Maria wants to register on the Utest platform [Maria open up [Maria opens the Utest page], Maria register [Maria clicks on button that shows us the form to register, Maria enters 'Maria' into where do we write first name, Maria enters 'Rodriguez' into where do we write last name, Maria enters 'malejarodri@gmail.com.co' into where do we write email, Maria select November on where do we select month, Maria select 11 on where do select day, Maria select 2000 on where do we select year, Maria clicks on Where do go to next page, Maria clicks on where do we write city, Maria enters 'Pereira' into where do we write city, Maria types 'ARROW_DOWN' in where do we write city, Maria types 'ENTER' in where do we write city, Maria enters '660001' into where do we write postal code]]
[Test worker] WARN net.thucydides.core.steps.BaseStepListener - stepStarted: net.thucydides.core.steps.ExecutedStepDescription@48268eec
[Test worker] WARN net.thucydides.core.steps.BaseStepListener - stepFinished: current outcome:Search for a automation course:Given Maria wants to register on the Utest platform [Maria open up [Maria opens the Utest page], Maria register [Maria clicks on button that shows us the form to register, Maria enters 'Maria' into where do we write first name, Maria enters 'Rodriguez' into where do we write last name, Maria enters 'malejarodri@gmail.com.co' into where do we write email, Maria select November on where do we select month, Maria select 11 on where do select day, Maria select 2000 on where do we select year, Maria clicks on Where do go to next page, Maria clicks on where do we write city, Maria enters 'Pereira' into where do we write city, Maria types 'ARROW_DOWN' in where do we write city, Maria types 'ENTER' in where do we write city, Maria enters '660001' into where do we write postal code, Maria clicks on where do we select Country]]
[Test worker] WARN net.thucydides.core.steps.BaseStepListener - stepStarted: net.thucydides.core.steps.ExecutedStepDescription@52f6900a
[Test worker] WARN net.thucydides.core.steps.BaseStepListener - stepFinished: current outcome:Search for a automation course:Given Maria wants to register on the Utest platform [Maria open up [Maria opens the Utest page], Maria register [Maria clicks on button that shows us the form to register, Maria enters 'Maria' into where do we write first name, Maria enters 'Rodriguez' into where do we write last name, Maria enters 'malejarodri@gmail.com.co' into where do we write email, Maria select November on where do we select month, Maria select 11 on where do select day, Maria select 2000 on where do we select year, Maria clicks on Where do go to next page, Maria clicks on where do we write city, Maria enters 'Pereira' into where do we write city, Maria types 'ARROW_DOWN' in where do we write city, Maria types 'ENTER' in where do we write city, Maria enters '660001' into where do we write postal code, Maria clicks on where do we select Country, Maria enters 'Colombia' into Country]]
[Test worker] WARN net.thucydides.core.steps.BaseStepListener - stepStarted: net.thucydides.core.steps.ExecutedStepDescription@577bf0aa
[Test worker] WARN net.thucydides.core.steps.BaseStepListener - stepFinished: current outcome:Search for a automation course:Given Maria wants to register on the Utest platform [Maria open up [Maria opens the Utest page], Maria register [Maria clicks on button that shows us the form to register, Maria enters 'Maria' into where do we write first name, Maria enters 'Rodriguez' into where do we write last name, Maria enters 'malejarodri@gmail.com.co' into where do we write email, Maria select November on where do we select month, Maria select 11 on where do select day, Maria select 2000 on where do we select year, Maria clicks on Where do go to next page, Maria clicks on where do we write city, Maria enters 'Pereira' into where do we write city, Maria types 'ARROW_DOWN' in where do we write city, Maria types 'ENTER' in where do we write city, Maria enters '660001' into where do we write postal code, Maria clicks on where do we select Country, Maria enters 'Colombia' into Country, Maria types 'ENTER' in Country]]
[Test worker] WARN net.thucydides.core.steps.BaseStepListener - stepStarted: net.thucydides.core.steps.ExecutedStepDescription@188a5fc2
[Test worker] WARN net.thucydides.core.steps.BaseStepListener - stepFinished: current outcome:Search for a automation course:Given Maria wants to register on the Utest platform [Maria open up [Maria opens the Utest page], Maria register [Maria clicks on button that shows us the form to register, Maria enters 'Maria' into where do we write first name, Maria enters 'Rodriguez' into where do we write last name, Maria enters 'malejarodri@gmail.com.co' into where do we write email, Maria select November on where do we select month, Maria select 11 on where do select day, Maria select 2000 on where do we select year, Maria clicks on Where do go to next page, Maria clicks on where do we write city, Maria enters 'Pereira' into where do we write city, Maria types 'ARROW_DOWN' in where do we write city, Maria types 'ENTER' in where do we write city, Maria enters '660001' into where do we write postal code, Maria clicks on where do we select Country, Maria enters 'Colombia' into Country, Maria types 'ENTER' in Country, Maria clicks on where do go to next page]]
[Test worker] WARN net.thucydides.core.steps.BaseStepListener - stepStarted: net.thucydides.core.steps.ExecutedStepDescription@72028a45
[Test worker] WARN net.thucydides.core.steps.BaseStepListener - stepFinished: current outcome:Search for a automation course:Given Maria wants to register on the Utest platform [Maria open up [Maria opens the Utest page], Maria register [Maria clicks on button that shows us the form to register, Maria enters 'Maria' into where do we write first name, Maria enters 'Rodriguez' into where do we write last name, Maria enters 'malejarodri@gmail.com.co' into where do we write email, Maria select November on where do we select month, Maria select 11 on where do select day, Maria select 2000 on where do we select year, Maria clicks on Where do go to next page, Maria clicks on where do we write city, Maria enters 'Pereira' into where do we write city, Maria types 'ARROW_DOWN' in where do we write city, Maria types 'ENTER' in where do we write city, Maria enters '660001' into where do we write postal code, Maria clicks on where do we select Country, Maria enters 'Colombia' into Country, Maria types 'ENTER' in Country, Maria clicks on where do go to next page, Maria clicks on where do we select Os]]
[Test worker] WARN net.thucydides.core.steps.BaseStepListener - stepStarted: net.thucydides.core.steps.ExecutedStepDescription@353f472a
[Test worker] WARN net.thucydides.core.steps.BaseStepListener - stepFinished: current outcome:Search for a automation course:Given Maria wants to register on the Utest platform [Maria open up [Maria opens the Utest page], Maria register [Maria clicks on button that shows us the form to register, Maria enters 'Maria' into where do we write first name, Maria enters 'Rodriguez' into where do we write last name, Maria enters 'malejarodri@gmail.com.co' into where do we write email, Maria select November on where do we select month, Maria select 11 on where do select day, Maria select 2000 on where do we select year, Maria clicks on Where do go to next page, Maria clicks on where do we write city, Maria enters 'Pereira' into where do we write city, Maria types 'ARROW_DOWN' in where do we write city, Maria types 'ENTER' in where do we write city, Maria enters '660001' into where do we write postal code, Maria clicks on where do we select Country, Maria enters 'Colombia' into Country, Maria types 'ENTER' in Country, Maria clicks on where do go to next page, Maria clicks on where do we select Os, Maria enters 'Linux' into Where do select os]]
[Test worker] WARN net.thucydides.core.steps.BaseStepListener - stepStarted: net.thucydides.core.steps.ExecutedStepDescription@2bb62414
[Test worker] WARN net.thucydides.core.steps.BaseStepListener - stepFinished: current outcome:Search for a automation course:Given Maria wants to register on the Utest platform [Maria open up [Maria opens the Utest page], Maria register [Maria clicks on button that shows us the form to register, Maria enters 'Maria' into where do we write first name, Maria enters 'Rodriguez' into where do we write last name, Maria enters 'malejarodri@gmail.com.co' into where do we write email, Maria select November on where do we select month, Maria select 11 on where do select day, Maria select 2000 on where do we select year, Maria clicks on Where do go to next page, Maria clicks on where do we write city, Maria enters 'Pereira' into where do we write city, Maria types 'ARROW_DOWN' in where do we write city, Maria types 'ENTER' in where do we write city, Maria enters '660001' into where do we write postal code, Maria clicks on where do we select Country, Maria enters 'Colombia' into Country, Maria types 'ENTER' in Country, Maria clicks on where do go to next page, Maria clicks on where do we select Os, Maria enters 'Linux' into Where do select os, Maria types 'ENTER' in Where do select os]]
[Test worker] WARN net.thucydides.core.steps.BaseStepListener - stepStarted: net.thucydides.core.steps.ExecutedStepDescription@57e5396b
[Test worker] WARN net.thucydides.core.steps.BaseStepListener - stepFinished: current outcome:Search for a automation course:Given Maria wants to register on the Utest platform [Maria open up [Maria opens the Utest page], Maria register [Maria clicks on button that shows us the form to register, Maria enters 'Maria' into where do we write first name, Maria enters 'Rodriguez' into where do we write last name, Maria enters 'malejarodri@gmail.com.co' into where do we write email, Maria select November on where do we select month, Maria select 11 on where do select day, Maria select 2000 on where do we select year, Maria clicks on Where do go to next page, Maria clicks on where do we write city, Maria enters 'Pereira' into where do we write city, Maria types 'ARROW_DOWN' in where do we write city, Maria types 'ENTER' in where do we write city, Maria enters '660001' into where do we write postal code, Maria clicks on where do we select Country, Maria enters 'Colombia' into Country, Maria types 'ENTER' in Country, Maria clicks on where do go to next page, Maria clicks on where do we select Os, Maria enters 'Linux' into Where do select os, Maria types 'ENTER' in Where do select os, Maria clicks on where do select version]]
[Test worker] WARN net.thucydides.core.steps.BaseStepListener - stepStarted: net.thucydides.core.steps.ExecutedStepDescription@510689af
[Test worker] WARN net.thucydides.core.steps.BaseStepListener - stepFinished: current outcome:Search for a automation course:Given Maria wants to register on the Utest platform [Maria open up [Maria opens the Utest page], Maria register [Maria clicks on button that shows us the form to register, Maria enters 'Maria' into where do we write first name, Maria enters 'Rodriguez' into where do we write last name, Maria enters 'malejarodri@gmail.com.co' into where do we write email, Maria select November on where do we select month, Maria select 11 on where do select day, Maria select 2000 on where do we select year, Maria clicks on Where do go to next page, Maria clicks on where do we write city, Maria enters 'Pereira' into where do we write city, Maria types 'ARROW_DOWN' in where do we write city, Maria types 'ENTER' in where do we write city, Maria enters '660001' into where do we write postal code, Maria clicks on where do we select Country, Maria enters 'Colombia' into Country, Maria types 'ENTER' in Country, Maria clicks on where do go to next page, Maria clicks on where do we select Os, Maria enters 'Linux' into Where do select os, Maria types 'ENTER' in Where do select os, Maria clicks on where do select version, Maria enters 'Debian' into where do write version]]
[Test worker] WARN net.thucydides.core.steps.BaseStepListener - stepStarted: net.thucydides.core.steps.ExecutedStepDescription@3a1b36a1
[Test worker] WARN net.thucydides.core.steps.BaseStepListener - stepFinished: current outcome:Search for a automation course:Given Maria wants to register on the Utest platform [Maria open up [Maria opens the Utest page], Maria register [Maria clicks on button that shows us the form to register, Maria enters 'Maria' into where do we write first name, Maria enters 'Rodriguez' into where do we write last name, Maria enters 'malejarodri@gmail.com.co' into where do we write email, Maria select November on where do we select month, Maria select 11 on where do select day, Maria select 2000 on where do we select year, Maria clicks on Where do go to next page, Maria clicks on where do we write city, Maria enters 'Pereira' into where do we write city, Maria types 'ARROW_DOWN' in where do we write city, Maria types 'ENTER' in where do we write city, Maria enters '660001' into where do we write postal code, Maria clicks on where do we select Country, Maria enters 'Colombia' into Country, Maria types 'ENTER' in Country, Maria clicks on where do go to next page, Maria clicks on where do we select Os, Maria enters 'Linux' into Where do select os, Maria types 'ENTER' in Where do select os, Maria clicks on where do select version, Maria enters 'Debian' into where do write version, Maria types 'ENTER' in where do write version]]
[Test worker] WARN net.thucydides.core.steps.BaseStepListener - stepStarted: net.thucydides.core.steps.ExecutedStepDescription@697a0948
[Test worker] WARN net.thucydides.core.steps.BaseStepListener - stepFinished: current outcome:Search for a automation course:Given Maria wants to register on the Utest platform [Maria open up [Maria opens the Utest page], Maria register [Maria clicks on button that shows us the form to register, Maria enters 'Maria' into where do we write first name, Maria enters 'Rodriguez' into where do we write last name, Maria enters 'malejarodri@gmail.com.co' into where do we write email, Maria select November on where do we select month, Maria select 11 on where do select day, Maria select 2000 on where do we select year, Maria clicks on Where do go to next page, Maria clicks on where do we write city, Maria enters 'Pereira' into where do we write city, Maria types 'ARROW_DOWN' in where do we write city, Maria types 'ENTER' in where do we write city, Maria enters '660001' into where do we write postal code, Maria clicks on where do we select Country, Maria enters 'Colombia' into Country, Maria types 'ENTER' in Country, Maria clicks on where do go to next page, Maria clicks on where do we select Os, Maria enters 'Linux' into Where do select os, Maria types 'ENTER' in Where do select os, Maria clicks on where do select version, Maria enters 'Debian' into where do write version, Maria types 'ENTER' in where do write version, Maria clicks on where do select language]]
[Test worker] WARN net.thucydides.core.steps.BaseStepListener - stepStarted: net.thucydides.core.steps.ExecutedStepDescription@2eda2062
[Test worker] WARN net.thucydides.core.steps.BaseStepListener - stepFinished: current outcome:Search for a automation course:Given Maria wants to register on the Utest platform [Maria open up [Maria opens the Utest page], Maria register [Maria clicks on button that shows us the form to register, Maria enters 'Maria' into where do we write first name, Maria enters 'Rodriguez' into where do we write last name, Maria enters 'malejarodri@gmail.com.co' into where do we write email, Maria select November on where do we select month, Maria select 11 on where do select day, Maria select 2000 on where do we select year, Maria clicks on Where do go to next page, Maria clicks on where do we write city, Maria enters 'Pereira' into where do we write city, Maria types 'ARROW_DOWN' in where do we write city, Maria types 'ENTER' in where do we write city, Maria enters '660001' into where do we write postal code, Maria clicks on where do we select Country, Maria enters 'Colombia' into Country, Maria types 'ENTER' in Country, Maria clicks on where do go to next page, Maria clicks on where do we select Os, Maria enters 'Linux' into Where do select os, Maria types 'ENTER' in Where do select os, Maria clicks on where do select version, Maria enters 'Debian' into where do write version, Maria types 'ENTER' in where do write version, Maria clicks on where do select language, Maria enters 'English' into where do write language]]
[Test worker] WARN net.thucydides.core.steps.BaseStepListener - stepStarted: net.thucydides.core.steps.ExecutedStepDescription@118acf70
[Test worker] WARN net.thucydides.core.steps.BaseStepListener - stepFinished: current outcome:Search for a automation course:Given Maria wants to register on the Utest platform [Maria open up [Maria opens the Utest page], Maria register [Maria clicks on button that shows us the form to register, Maria enters 'Maria' into where do we write first name, Maria enters 'Rodriguez' into where do we write last name, Maria enters 'malejarodri@gmail.com.co' into where do we write email, Maria select November on where do we select month, Maria select 11 on where do select day, Maria select 2000 on where do we select year, Maria clicks on Where do go to next page, Maria clicks on where do we write city, Maria enters 'Pereira' into where do we write city, Maria types 'ARROW_DOWN' in where do we write city, Maria types 'ENTER' in where do we write city, Maria enters '660001' into where do we write postal code, Maria clicks on where do we select Country, Maria enters 'Colombia' into Country, Maria types 'ENTER' in Country, Maria clicks on where do go to next page, Maria clicks on where do we select Os, Maria enters 'Linux' into Where do select os, Maria types 'ENTER' in Where do select os, Maria clicks on where do select version, Maria enters 'Debian' into where do write version, Maria types 'ENTER' in where do write version, Maria clicks on where do select language, Maria enters 'English' into where do write language, Maria types 'ENTER' in where do write language]]
[Test worker] WARN net.thucydides.core.steps.BaseStepListener - stepStarted: net.thucydides.core.steps.ExecutedStepDescription@d5e575c
[Test worker] WARN net.thucydides.core.steps.BaseStepListener - stepFinished: current outcome:Search for a automation course:Given Maria wants to register on the Utest platform [Maria open up [Maria opens the Utest page], Maria register [Maria clicks on button that shows us the form to register, Maria enters 'Maria' into where do we write first name, Maria enters 'Rodriguez' into where do we write last name, Maria enters 'malejarodri@gmail.com.co' into where do we write email, Maria select November on where do we select month, Maria select 11 on where do select day, Maria select 2000 on where do we select year, Maria clicks on Where do go to next page, Maria clicks on where do we write city, Maria enters 'Pereira' into where do we write city, Maria types 'ARROW_DOWN' in where do we write city, Maria types 'ENTER' in where do we write city, Maria enters '660001' into where do we write postal code, Maria clicks on where do we select Country, Maria enters 'Colombia' into Country, Maria types 'ENTER' in Country, Maria clicks on where do go to next page, Maria clicks on where do we select Os, Maria enters 'Linux' into Where do select os, Maria types 'ENTER' in Where do select os, Maria clicks on where do select version, Maria enters 'Debian' into where do write version, Maria types 'ENTER' in where do write version, Maria clicks on where do select language, Maria enters 'English' into where do write language, Maria types 'ENTER' in where do write language, Maria clicks on where do select mobile device]]
[Test worker] WARN net.thucydides.core.steps.BaseStepListener - stepStarted: net.thucydides.core.steps.ExecutedStepDescription@2d313c8c
[Test worker] WARN net.thucydides.core.steps.BaseStepListener - stepFinished: current outcome:Search for a automation course:Given Maria wants to register on the Utest platform [Maria open up [Maria opens the Utest page], Maria register [Maria clicks on button that shows us the form to register, Maria enters 'Maria' into where do we write first name, Maria enters 'Rodriguez' into where do we write last name, Maria enters 'malejarodri@gmail.com.co' into where do we write email, Maria select November on where do we select month, Maria select 11 on where do select day, Maria select 2000 on where do we select year, Maria clicks on Where do go to next page, Maria clicks on where do we write city, Maria enters 'Pereira' into where do we write city, Maria types 'ARROW_DOWN' in where do we write city, Maria types 'ENTER' in where do we write city, Maria enters '660001' into where do we write postal code, Maria clicks on where do we select Country, Maria enters 'Colombia' into Country, Maria types 'ENTER' in Country, Maria clicks on where do go to next page, Maria clicks on where do we select Os, Maria enters 'Linux' into Where do select os, Maria types 'ENTER' in Where do select os, Maria clicks on where do select version, Maria enters 'Debian' into where do write version, Maria types 'ENTER' in where do write version, Maria clicks on where do select language, Maria enters 'English' into where do write language, Maria types 'ENTER' in where do write language, Maria clicks on where do select mobile device, Maria enters 'Apple' into where do write mobile device]]
[Test worker] WARN net.thucydides.core.steps.BaseStepListener - stepStarted: net.thucydides.core.steps.ExecutedStepDescription@6a98f353
[Test worker] WARN net.thucydides.core.steps.BaseStepListener - stepFinished: current outcome:Search for a automation course:Given Maria wants to register on the Utest platform [Maria open up [Maria opens the Utest page], Maria register [Maria clicks on button that shows us the form to register, Maria enters 'Maria' into where do we write first name, Maria enters 'Rodriguez' into where do we write last name, Maria enters 'malejarodri@gmail.com.co' into where do we write email, Maria select November on where do we select month, Maria select 11 on where do select day, Maria select 2000 on where do we select year, Maria clicks on Where do go to next page, Maria clicks on where do we write city, Maria enters 'Pereira' into where do we write city, Maria types 'ARROW_DOWN' in where do we write city, Maria types 'ENTER' in where do we write city, Maria enters '660001' into where do we write postal code, Maria clicks on where do we select Country, Maria enters 'Colombia' into Country, Maria types 'ENTER' in Country, Maria clicks on where do go to next page, Maria clicks on where do we select Os, Maria enters 'Linux' into Where do select os, Maria types 'ENTER' in Where do select os, Maria clicks on where do select version, Maria enters 'Debian' into where do write version, Maria types 'ENTER' in where do write version, Maria clicks on where do select language, Maria enters 'English' into where do write language, Maria types 'ENTER' in where do write language, Maria clicks on where do select mobile device, Maria enters 'Apple' into where do write mobile device, Maria types 'ENTER' in where do write mobile device]]
[Test worker] WARN net.thucydides.core.steps.BaseStepListener - stepStarted: net.thucydides.core.steps.ExecutedStepDescription@280fafd
[Test worker] WARN net.thucydides.core.steps.BaseStepListener - stepFinished: current outcome:Search for a automation course:Given Maria wants to register on the Utest platform [Maria open up [Maria opens the Utest page], Maria register [Maria clicks on button that shows us the form to register, Maria enters 'Maria' into where do we write first name, Maria enters 'Rodriguez' into where do we write last name, Maria enters 'malejarodri@gmail.com.co' into where do we write email, Maria select November on where do we select month, Maria select 11 on where do select day, Maria select 2000 on where do we select year, Maria clicks on Where do go to next page, Maria clicks on where do we write city, Maria enters 'Pereira' into where do we write city, Maria types 'ARROW_DOWN' in where do we write city, Maria types 'ENTER' in where do we write city, Maria enters '660001' into where do we write postal code, Maria clicks on where do we select Country, Maria enters 'Colombia' into Country, Maria types 'ENTER' in Country, Maria clicks on where do go to next page, Maria clicks on where do we select Os, Maria enters 'Linux' into Where do select os, Maria types 'ENTER' in Where do select os, Maria clicks on where do select version, Maria enters 'Debian' into where do write version, Maria types 'ENTER' in where do write version, Maria clicks on where do select language, Maria enters 'English' into where do write language, Maria types 'ENTER' in where do write language, Maria clicks on where do select mobile device, Maria enters 'Apple' into where do write mobile device, Maria types 'ENTER' in where do write mobile device, Maria clicks on where do select model]]
[Test worker] WARN net.thucydides.core.steps.BaseStepListener - stepStarted: net.thucydides.core.steps.ExecutedStepDescription@1f129467
[Test worker] WARN net.thucydides.core.steps.BaseStepListener - stepFinished: current outcome:Search for a automation course:Given Maria wants to register on the Utest platform [Maria open up [Maria opens the Utest page], Maria register [Maria clicks on button that shows us the form to register, Maria enters 'Maria' into where do we write first name, Maria enters 'Rodriguez' into where do we write last name, Maria enters 'malejarodri@gmail.com.co' into where do we write email, Maria select November on where do we select month, Maria select 11 on where do select day, Maria select 2000 on where do we select year, Maria clicks on Where do go to next page, Maria clicks on where do we write city, Maria enters 'Pereira' into where do we write city, Maria types 'ARROW_DOWN' in where do we write city, Maria types 'ENTER' in where do we write city, Maria enters '660001' into where do we write postal code, Maria clicks on where do we select Country, Maria enters 'Colombia' into Country, Maria types 'ENTER' in Country, Maria clicks on where do go to next page, Maria clicks on where do we select Os, Maria enters 'Linux' into Where do select os, Maria types 'ENTER' in Where do select os, Maria clicks on where do select version, Maria enters 'Debian' into where do write version, Maria types 'ENTER' in where do write version, Maria clicks on where do select language, Maria enters 'English' into where do write language, Maria types 'ENTER' in where do write language, Maria clicks on where do select mobile device, Maria enters 'Apple' into where do write mobile device, Maria types 'ENTER' in where do write mobile device, Maria clicks on where do select model, Maria enters 'iPhone' into where do write model]]
[Test worker] WARN net.thucydides.core.steps.BaseStepListener - stepStarted: net.thucydides.core.steps.ExecutedStepDescription@7a04f730
[Test worker] WARN net.thucydides.core.steps.BaseStepListener - stepFinished: current outcome:Search for a automation course:Given Maria wants to register on the Utest platform [Maria open up [Maria opens the Utest page], Maria register [Maria clicks on button that shows us the form to register, Maria enters 'Maria' into where do we write first name, Maria enters 'Rodriguez' into where do we write last name, Maria enters 'malejarodri@gmail.com.co' into where do we write email, Maria select November on where do we select month, Maria select 11 on where do select day, Maria select 2000 on where do we select year, Maria clicks on Where do go to next page, Maria clicks on where do we write city, Maria enters 'Pereira' into where do we write city, Maria types 'ARROW_DOWN' in where do we write city, Maria types 'ENTER' in where do we write city, Maria enters '660001' into where do we write postal code, Maria clicks on where do we select Country, Maria enters 'Colombia' into Country, Maria types 'ENTER' in Country, Maria clicks on where do go to next page, Maria clicks on where do we select Os, Maria enters 'Linux' into Where do select os, Maria types 'ENTER' in Where do select os, Maria clicks on where do select version, Maria enters 'Debian' into where do write version, Maria types 'ENTER' in where do write version, Maria clicks on where do select language, Maria enters 'English' into where do write language, Maria types 'ENTER' in where do write language, Maria clicks on where do select mobile device, Maria enters 'Apple' into where do write mobile device, Maria types 'ENTER' in where do write mobile device, Maria clicks on where do select model, Maria enters 'iPhone' into where do write model, Maria types 'ENTER' in where do write model]]
[Test worker] WARN net.thucydides.core.steps.BaseStepListener - stepStarted: net.thucydides.core.steps.ExecutedStepDescription@32ea16b7
[Test worker] WARN net.thucydides.core.steps.BaseStepListener - stepFinished: current outcome:Search for a automation course:Given Maria wants to register on the Utest platform [Maria open up [Maria opens the Utest page], Maria register [Maria clicks on button that shows us the form to register, Maria enters 'Maria' into where do we write first name, Maria enters 'Rodriguez' into where do we write last name, Maria enters 'malejarodri@gmail.com.co' into where do we write email, Maria select November on where do we select month, Maria select 11 on where do select day, Maria select 2000 on where do we select year, Maria clicks on Where do go to next page, Maria clicks on where do we write city, Maria enters 'Pereira' into where do we write city, Maria types 'ARROW_DOWN' in where do we write city, Maria types 'ENTER' in where do we write city, Maria enters '660001' into where do we write postal code, Maria clicks on where do we select Country, Maria enters 'Colombia' into Country, Maria types 'ENTER' in Country, Maria clicks on where do go to next page, Maria clicks on where do we select Os, Maria enters 'Linux' into Where do select os, Maria types 'ENTER' in Where do select os, Maria clicks on where do select version, Maria enters 'Debian' into where do write version, Maria types 'ENTER' in where do write version, Maria clicks on where do select language, Maria enters 'English' into where do write language, Maria types 'ENTER' in where do write language, Maria clicks on where do select mobile device, Maria enters 'Apple' into where do write mobile device, Maria types 'ENTER' in where do write mobile device, Maria clicks on where do select model, Maria enters 'iPhone' into where do write model, Maria types 'ENTER' in where do write model, Maria clicks on where do select operating system]]
[Test worker] WARN net.thucydides.core.steps.BaseStepListener - stepStarted: net.thucydides.core.steps.ExecutedStepDescription@7a65c995
[Test worker] WARN net.thucydides.core.steps.BaseStepListener - stepFinished: current outcome:Search for a automation course:Given Maria wants to register on the Utest platform [Maria open up [Maria opens the Utest page], Maria register [Maria clicks on button that shows us the form to register, Maria enters 'Maria' into where do we write first name, Maria enters 'Rodriguez' into where do we write last name, Maria enters 'malejarodri@gmail.com.co' into where do we write email, Maria select November on where do we select month, Maria select 11 on where do select day, Maria select 2000 on where do we select year, Maria clicks on Where do go to next page, Maria clicks on where do we write city, Maria enters 'Pereira' into where do we write city, Maria types 'ARROW_DOWN' in where do we write city, Maria types 'ENTER' in where do we write city, Maria enters '660001' into where do we write postal code, Maria clicks on where do we select Country, Maria enters 'Colombia' into Country, Maria types 'ENTER' in Country, Maria clicks on where do go to next page, Maria clicks on where do we select Os, Maria enters 'Linux' into Where do select os, Maria types 'ENTER' in Where do select os, Maria clicks on where do select version, Maria enters 'Debian' into where do write version, Maria types 'ENTER' in where do write version, Maria clicks on where do select language, Maria enters 'English' into where do write language, Maria types 'ENTER' in where do write language, Maria clicks on where do select mobile device, Maria enters 'Apple' into where do write mobile device, Maria types 'ENTER' in where do write mobile device, Maria clicks on where do select model, Maria enters 'iPhone' into where do write model, Maria types 'ENTER' in where do write model, Maria clicks on where do select operating system, Maria enters 'iOS 2.0' into where do write operating system]]
[Test worker] WARN net.thucydides.core.steps.BaseStepListener - stepStarted: net.thucydides.core.steps.ExecutedStepDescription@57186526
[Test worker] WARN net.thucydides.core.steps.BaseStepListener - stepFinished: current outcome:Search for a automation course:Given Maria wants to register on the Utest platform [Maria open up [Maria opens the Utest page], Maria register [Maria clicks on button that shows us the form to register, Maria enters 'Maria' into where do we write first name, Maria enters 'Rodriguez' into where do we write last name, Maria enters 'malejarodri@gmail.com.co' into where do we write email, Maria select November on where do we select month, Maria select 11 on where do select day, Maria select 2000 on where do we select year, Maria clicks on Where do go to next page, Maria clicks on where do we write city, Maria enters 'Pereira' into where do we write city, Maria types 'ARROW_DOWN' in where do we write city, Maria types 'ENTER' in where do we write city, Maria enters '660001' into where do we write postal code, Maria clicks on where do we select Country, Maria enters 'Colombia' into Country, Maria types 'ENTER' in Country, Maria clicks on where do go to next page, Maria clicks on where do we select Os, Maria enters 'Linux' into Where do select os, Maria types 'ENTER' in Where do select os, Maria clicks on where do select version, Maria enters 'Debian' into where do write version, Maria types 'ENTER' in where do write version, Maria clicks on where do select language, Maria enters 'English' into where do write language, Maria types 'ENTER' in where do write language, Maria clicks on where do select mobile device, Maria enters 'Apple' into where do write mobile device, Maria types 'ENTER' in where do write mobile device, Maria clicks on where do select model, Maria enters 'iPhone' into where do write model, Maria types 'ENTER' in where do write model, Maria clicks on where do select operating system, Maria enters 'iOS 2.0' into where do write operating system, Maria types 'ENTER' in where do write operating system]]
[Test worker] WARN net.thucydides.core.steps.BaseStepListener - stepStarted: net.thucydides.core.steps.ExecutedStepDescription@443a06ad
[Test worker] WARN net.thucydides.core.steps.BaseStepListener - stepFinished: current outcome:Search for a automation course:Given Maria wants to register on the Utest platform [Maria open up [Maria opens the Utest page], Maria register [Maria clicks on button that shows us the form to register, Maria enters 'Maria' into where do we write first name, Maria enters 'Rodriguez' into where do we write last name, Maria enters 'malejarodri@gmail.com.co' into where do we write email, Maria select November on where do we select month, Maria select 11 on where do select day, Maria select 2000 on where do we select year, Maria clicks on Where do go to next page, Maria clicks on where do we write city, Maria enters 'Pereira' into where do we write city, Maria types 'ARROW_DOWN' in where do we write city, Maria types 'ENTER' in where do we write city, Maria enters '660001' into where do we write postal code, Maria clicks on where do we select Country, Maria enters 'Colombia' into Country, Maria types 'ENTER' in Country, Maria clicks on where do go to next page, Maria clicks on where do we select Os, Maria enters 'Linux' into Where do select os, Maria types 'ENTER' in Where do select os, Maria clicks on where do select version, Maria enters 'Debian' into where do write version, Maria types 'ENTER' in where do write version, Maria clicks on where do select language, Maria enters 'English' into where do write language, Maria types 'ENTER' in where do write language, Maria clicks on where do select mobile device, Maria enters 'Apple' into where do write mobile device, Maria types 'ENTER' in where do write mobile device, Maria clicks on where do select model, Maria enters 'iPhone' into where do write model, Maria types 'ENTER' in where do write model, Maria clicks on where do select operating system, Maria enters 'iOS 2.0' into where do write operating system, Maria types 'ENTER' in where do write operating system, Maria clicks on where do go to last step]]
[Test worker] WARN net.thucydides.core.steps.BaseStepListener - stepStarted: net.thucydides.core.steps.ExecutedStepDescription@1cd2ff5b
[Test worker] WARN net.thucydides.core.steps.BaseStepListener - stepFinished: current outcome:Search for a automation course:Given Maria wants to register on the Utest platform [Maria open up [Maria opens the Utest page], Maria register [Maria clicks on button that shows us the form to register, Maria enters 'Maria' into where do we write first name, Maria enters 'Rodriguez' into where do we write last name, Maria enters 'malejarodri@gmail.com.co' into where do we write email, Maria select November on where do we select month, Maria select 11 on where do select day, Maria select 2000 on where do we select year, Maria clicks on Where do go to next page, Maria clicks on where do we write city, Maria enters 'Pereira' into where do we write city, Maria types 'ARROW_DOWN' in where do we write city, Maria types 'ENTER' in where do we write city, Maria enters '660001' into where do we write postal code, Maria clicks on where do we select Country, Maria enters 'Colombia' into Country, Maria types 'ENTER' in Country, Maria clicks on where do go to next page, Maria clicks on where do we select Os, Maria enters 'Linux' into Where do select os, Maria types 'ENTER' in Where do select os, Maria clicks on where do select version, Maria enters 'Debian' into where do write version, Maria types 'ENTER' in where do write version, Maria clicks on where do select language, Maria enters 'English' into where do write language, Maria types 'ENTER' in where do write language, Maria clicks on where do select mobile device, Maria enters 'Apple' into where do write mobile device, Maria types 'ENTER' in where do write mobile device, Maria clicks on where do select model, Maria enters 'iPhone' into where do write model, Maria types 'ENTER' in where do write model, Maria clicks on where do select operating system, Maria enters 'iOS 2.0' into where do write operating system, Maria types 'ENTER' in where do write operating system, Maria clicks on where do go to last step, Maria enters '123VerdeRojo*' into where do write password]]
[Test worker] WARN net.thucydides.core.steps.BaseStepListener - stepStarted: net.thucydides.core.steps.ExecutedStepDescription@4ffced4e
[Test worker] WARN net.thucydides.core.steps.BaseStepListener - stepFinished: current outcome:Search for a automation course:Given Maria wants to register on the Utest platform [Maria open up [Maria opens the Utest page], Maria register [Maria clicks on button that shows us the form to register, Maria enters 'Maria' into where do we write first name, Maria enters 'Rodriguez' into where do we write last name, Maria enters 'malejarodri@gmail.com.co' into where do we write email, Maria select November on where do we select month, Maria select 11 on where do select day, Maria select 2000 on where do we select year, Maria clicks on Where do go to next page, Maria clicks on where do we write city, Maria enters 'Pereira' into where do we write city, Maria types 'ARROW_DOWN' in where do we write city, Maria types 'ENTER' in where do we write city, Maria enters '660001' into where do we write postal code, Maria clicks on where do we select Country, Maria enters 'Colombia' into Country, Maria types 'ENTER' in Country, Maria clicks on where do go to next page, Maria clicks on where do we select Os, Maria enters 'Linux' into Where do select os, Maria types 'ENTER' in Where do select os, Maria clicks on where do select version, Maria enters 'Debian' into where do write version, Maria types 'ENTER' in where do write version, Maria clicks on where do select language, Maria enters 'English' into where do write language, Maria types 'ENTER' in where do write language, Maria clicks on where do select mobile device, Maria enters 'Apple' into where do write mobile device, Maria types 'ENTER' in where do write mobile device, Maria clicks on where do select model, Maria enters 'iPhone' into where do write model, Maria types 'ENTER' in where do write model, Maria clicks on where do select operating system, Maria enters 'iOS 2.0' into where do write operating system, Maria types 'ENTER' in where do write operating system, Maria clicks on where do go to last step, Maria enters '123VerdeRojo*' into where do write password, Maria enters '123VerdeRojo*' into where do write confirm password]]
[Test worker] WARN net.thucydides.core.steps.BaseStepListener - stepStarted: net.thucydides.core.steps.ExecutedStepDescription@212fafd1
[Test worker] WARN net.thucydides.core.steps.BaseStepListener - stepFinished: current outcome:Search for a automation course:Given Maria wants to register on the Utest platform [Maria open up [Maria opens the Utest page], Maria register [Maria clicks on button that shows us the form to register, Maria enters 'Maria' into where do we write first name, Maria enters 'Rodriguez' into where do we write last name, Maria enters 'malejarodri@gmail.com.co' into where do we write email, Maria select November on where do we select month, Maria select 11 on where do select day, Maria select 2000 on where do we select year, Maria clicks on Where do go to next page, Maria clicks on where do we write city, Maria enters 'Pereira' into where do we write city, Maria types 'ARROW_DOWN' in where do we write city, Maria types 'ENTER' in where do we write city, Maria enters '660001' into where do we write postal code, Maria clicks on where do we select Country, Maria enters 'Colombia' into Country, Maria types 'ENTER' in Country, Maria clicks on where do go to next page, Maria clicks on where do we select Os, Maria enters 'Linux' into Where do select os, Maria types 'ENTER' in Where do select os, Maria clicks on where do select version, Maria enters 'Debian' into where do write version, Maria types 'ENTER' in where do write version, Maria clicks on where do select language, Maria enters 'English' into where do write language, Maria types 'ENTER' in where do write language, Maria clicks on where do select mobile device, Maria enters 'Apple' into where do write mobile device, Maria types 'ENTER' in where do write mobile device, Maria clicks on where do select model, Maria enters 'iPhone' into where do write model, Maria types 'ENTER' in where do write model, Maria clicks on where do select operating system, Maria enters 'iOS 2.0' into where do write operating system, Maria types 'ENTER' in where do write operating system, Maria clicks on where do go to last step, Maria enters '123VerdeRojo*' into where do write password, Maria enters '123VerdeRojo*' into where do write confirm password, Maria clicks on where do click checkbox 1]]
[Test worker] WARN net.thucydides.core.steps.BaseStepListener - stepStarted: net.thucydides.core.steps.ExecutedStepDescription@3a3f96ab
[Test worker] WARN net.thucydides.core.steps.BaseStepListener - stepFinished: current outcome:Search for a automation course:Given Maria wants to register on the Utest platform [Maria open up [Maria opens the Utest page], Maria register [Maria clicks on button that shows us the form to register, Maria enters 'Maria' into where do we write first name, Maria enters 'Rodriguez' into where do we write last name, Maria enters 'malejarodri@gmail.com.co' into where do we write email, Maria select November on where do we select month, Maria select 11 on where do select day, Maria select 2000 on where do we select year, Maria clicks on Where do go to next page, Maria clicks on where do we write city, Maria enters 'Pereira' into where do we write city, Maria types 'ARROW_DOWN' in where do we write city, Maria types 'ENTER' in where do we write city, Maria enters '660001' into where do we write postal code, Maria clicks on where do we select Country, Maria enters 'Colombia' into Country, Maria types 'ENTER' in Country, Maria clicks on where do go to next page, Maria clicks on where do we select Os, Maria enters 'Linux' into Where do select os, Maria types 'ENTER' in Where do select os, Maria clicks on where do select version, Maria enters 'Debian' into where do write version, Maria types 'ENTER' in where do write version, Maria clicks on where do select language, Maria enters 'English' into where do write language, Maria types 'ENTER' in where do write language, Maria clicks on where do select mobile device, Maria enters 'Apple' into where do write mobile device, Maria types 'ENTER' in where do write mobile device, Maria clicks on where do select model, Maria enters 'iPhone' into where do write model, Maria types 'ENTER' in where do write model, Maria clicks on where do select operating system, Maria enters 'iOS 2.0' into where do write operating system, Maria types 'ENTER' in where do write operating system, Maria clicks on where do go to last step, Maria enters '123VerdeRojo*' into where do write password, Maria enters '123VerdeRojo*' into where do write confirm password, Maria clicks on where do click checkbox 1, Maria clicks on where do click checkbox 2]]
[Test worker] WARN net.thucydides.core.steps.BaseStepListener - stepStarted: net.thucydides.core.steps.ExecutedStepDescription@28768e25
[Test worker] WARN net.thucydides.core.steps.BaseStepListener - stepFinished: current outcome:Search for a automation course:Given Maria wants to register on the Utest platform [Maria open up [Maria opens the Utest page], Maria register [Maria clicks on button that shows us the form to register, Maria enters 'Maria' into where do we write first name, Maria enters 'Rodriguez' into where do we write last name, Maria enters 'malejarodri@gmail.com.co' into where do we write email, Maria select November on where do we select month, Maria select 11 on where do select day, Maria select 2000 on where do we select year, Maria clicks on Where do go to next page, Maria clicks on where do we write city, Maria enters 'Pereira' into where do we write city, Maria types 'ARROW_DOWN' in where do we write city, Maria types 'ENTER' in where do we write city, Maria enters '660001' into where do we write postal code, Maria clicks on where do we select Country, Maria enters 'Colombia' into Country, Maria types 'ENTER' in Country, Maria clicks on where do go to next page, Maria clicks on where do we select Os, Maria enters 'Linux' into Where do select os, Maria types 'ENTER' in Where do select os, Maria clicks on where do select version, Maria enters 'Debian' into where do write version, Maria types 'ENTER' in where do write version, Maria clicks on where do select language, Maria enters 'English' into where do write language, Maria types 'ENTER' in where do write language, Maria clicks on where do select mobile device, Maria enters 'Apple' into where do write mobile device, Maria types 'ENTER' in where do write mobile device, Maria clicks on where do select model, Maria enters 'iPhone' into where do write model, Maria types 'ENTER' in where do write model, Maria clicks on where do select operating system, Maria enters 'iOS 2.0' into where do write operating system, Maria types 'ENTER' in where do write operating system, Maria clicks on where do go to last step, Maria enters '123VerdeRojo*' into where do write password, Maria enters '123VerdeRojo*' into where do write confirm password, Maria clicks on where do click checkbox 1, Maria clicks on where do click checkbox 2, Maria clicks on where do click checkbox 3]]
[Test worker] WARN net.thucydides.core.steps.BaseStepListener - stepStarted: net.thucydides.core.steps.ExecutedStepDescription@234cd86c
[Test worker] WARN net.thucydides.core.steps.BaseStepListener - stepFinished: current outcome:Search for a automation course:Given Maria wants to register on the Utest platform [Maria open up [Maria opens the Utest page], Maria register [Maria clicks on button that shows us the form to register, Maria enters 'Maria' into where do we write first name, Maria enters 'Rodriguez' into where do we write last name, Maria enters 'malejarodri@gmail.com.co' into where do we write email, Maria select November on where do we select month, Maria select 11 on where do select day, Maria select 2000 on where do we select year, Maria clicks on Where do go to next page, Maria clicks on where do we write city, Maria enters 'Pereira' into where do we write city, Maria types 'ARROW_DOWN' in where do we write city, Maria types 'ENTER' in where do we write city, Maria enters '660001' into where do we write postal code, Maria clicks on where do we select Country, Maria enters 'Colombia' into Country, Maria types 'ENTER' in Country, Maria clicks on where do go to next page, Maria clicks on where do we select Os, Maria enters 'Linux' into Where do select os, Maria types 'ENTER' in Where do select os, Maria clicks on where do select version, Maria enters 'Debian' into where do write version, Maria types 'ENTER' in where do write version, Maria clicks on where do select language, Maria enters 'English' into where do write language, Maria types 'ENTER' in where do write language, Maria clicks on where do select mobile device, Maria enters 'Apple' into where do write mobile device, Maria types 'ENTER' in where do write mobile device, Maria clicks on where do select model, Maria enters 'iPhone' into where do write model, Maria types 'ENTER' in where do write model, Maria clicks on where do select operating system, Maria enters 'iOS 2.0' into where do write operating system, Maria types 'ENTER' in where do write operating system, Maria clicks on where do go to last step, Maria enters '123VerdeRojo*' into where do write password, Maria enters '123VerdeRojo*' into where do write confirm password, Maria clicks on where do click checkbox 1, Maria clicks on where do click checkbox 2, Maria clicks on where do click checkbox 3, Maria clicks on where do we finish register]]
[Test worker] WARN net.thucydides.core.steps.BaseStepListener - stepFinished: current outcome:Search for a automation course:Given Maria wants to register on the Utest platform [Maria open up [Maria opens the Utest page], Maria register [Maria clicks on button that shows us the form to register, Maria enters 'Maria' into where do we write first name, Maria enters 'Rodriguez' into where do we write last name, Maria enters 'malejarodri@gmail.com.co' into where do we write email, Maria select November on where do we select month, Maria select 11 on where do select day, Maria select 2000 on where do we select year, Maria clicks on Where do go to next page, Maria clicks on where do we write city, Maria enters 'Pereira' into where do we write city, Maria types 'ARROW_DOWN' in where do we write city, Maria types 'ENTER' in where do we write city, Maria enters '660001' into where do we write postal code, Maria clicks on where do we select Country, Maria enters 'Colombia' into Country, Maria types 'ENTER' in Country, Maria clicks on where do go to next page, Maria clicks on where do we select Os, Maria enters 'Linux' into Where do select os, Maria types 'ENTER' in Where do select os, Maria clicks on where do select version, Maria enters 'Debian' into where do write version, Maria types 'ENTER' in where do write version, Maria clicks on where do select language, Maria enters 'English' into where do write language, Maria types 'ENTER' in where do write language, Maria clicks on where do select mobile device, Maria enters 'Apple' into where do write mobile device, Maria types 'ENTER' in where do write mobile device, Maria clicks on where do select model, Maria enters 'iPhone' into where do write model, Maria types 'ENTER' in where do write model, Maria clicks on where do select operating system, Maria enters 'iOS 2.0' into where do write operating system, Maria types 'ENTER' in where do write operating system, Maria clicks on where do go to last step, Maria enters '123VerdeRojo*' into where do write password, Maria enters '123VerdeRojo*' into where do write confirm password, Maria clicks on where do click checkbox 1, Maria clicks on where do click checkbox 2, Maria clicks on where do click checkbox 3, Maria clicks on where do we finish register]]
[Test worker] WARN net.thucydides.core.steps.BaseStepListener - stepFinished: current outcome:Search for a automation course:Given Maria wants to register on the Utest platform [Maria open up [Maria opens the Utest page], Maria register [Maria clicks on button that shows us the form to register, Maria enters 'Maria' into where do we write first name, Maria enters 'Rodriguez' into where do we write last name, Maria enters 'malejarodri@gmail.com.co' into where do we write email, Maria select November on where do we select month, Maria select 11 on where do select day, Maria select 2000 on where do we select year, Maria clicks on Where do go to next page, Maria clicks on where do we write city, Maria enters 'Pereira' into where do we write city, Maria types 'ARROW_DOWN' in where do we write city, Maria types 'ENTER' in where do we write city, Maria enters '660001' into where do we write postal code, Maria clicks on where do we select Country, Maria enters 'Colombia' into Country, Maria types 'ENTER' in Country, Maria clicks on where do go to next page, Maria clicks on where do we select Os, Maria enters 'Linux' into Where do select os, Maria types 'ENTER' in Where do select os, Maria clicks on where do select version, Maria enters 'Debian' into where do write version, Maria types 'ENTER' in where do write version, Maria clicks on where do select language, Maria enters 'English' into where do write language, Maria types 'ENTER' in where do write language, Maria clicks on where do select mobile device, Maria enters 'Apple' into where do write mobile device, Maria types 'ENTER' in where do write mobile device, Maria clicks on where do select model, Maria enters 'iPhone' into where do write model, Maria types 'ENTER' in where do write model, Maria clicks on where do select operating system, Maria enters 'iOS 2.0' into where do write operating system, Maria types 'ENTER' in where do write operating system, Maria clicks on where do go to last step, Maria enters '123VerdeRojo*' into where do write password, Maria enters '123VerdeRojo*' into where do write confirm password, Maria clicks on where do click checkbox 1, Maria clicks on where do click checkbox 2, Maria clicks on where do click checkbox 3, Maria clicks on where do we finish register]]
[Test worker] WARN net.thucydides.core.steps.BaseStepListener - stepStarted: net.thucydides.core.steps.ExecutedStepDescription@57cabdc3
[Test worker] WARN net.thucydides.core.steps.BaseStepListener - stepFinished: current outcome:Search for a automation course:Given Maria wants to register on the Utest platform [Maria open up [Maria opens the Utest page], Maria register [Maria clicks on button that shows us the form to register, Maria enters 'Maria' into where do we write first name, Maria enters 'Rodriguez' into where do we write last name, Maria enters 'malejarodri@gmail.com.co' into where do we write email, Maria select November on where do we select month, Maria select 11 on where do select day, Maria select 2000 on where do we select year, Maria clicks on Where do go to next page, Maria clicks on where do we write city, Maria enters 'Pereira' into where do we write city, Maria types 'ARROW_DOWN' in where do we write city, Maria types 'ENTER' in where do we write city, Maria enters '660001' into where do we write postal code, Maria clicks on where do we select Country, Maria enters 'Colombia' into Country, Maria types 'ENTER' in Country, Maria clicks on where do go to next page, Maria clicks on where do we select Os, Maria enters 'Linux' into Where do select os, Maria types 'ENTER' in Where do select os, Maria clicks on where do select version, Maria enters 'Debian' into where do write version, Maria types 'ENTER' in where do write version, Maria clicks on where do select language, Maria enters 'English' into where do write language, Maria types 'ENTER' in where do write language, Maria clicks on where do select mobile device, Maria enters 'Apple' into where do write mobile device, Maria types 'ENTER' in where do write mobile device, Maria clicks on where do select model, Maria enters 'iPhone' into where do write model, Maria types 'ENTER' in where do write model, Maria clicks on where do select operating system, Maria enters 'iOS 2.0' into where do write operating system, Maria types 'ENTER' in where do write operating system, Maria clicks on where do go to last step, Maria enters '123VerdeRojo*' into where do write password, Maria enters '123VerdeRojo*' into where do write confirm password, Maria clicks on where do click checkbox 1, Maria clicks on where do click checkbox 2, Maria clicks on where do click checkbox 3, Maria clicks on where do we finish register]], When she registers the data
[Test worker] WARN net.thucydides.core.steps.BaseStepListener - stepStarted: net.thucydides.core.steps.ExecutedStepDescription@7781263c
[Test worker] WARN net.thucydides.core.steps.BaseStepListener - stepFinished: current outcome:Search for a automation course:Given Maria wants to register on the Utest platform [Maria open up [Maria opens the Utest page], Maria register [Maria clicks on button that shows us the form to register, Maria enters 'Maria' into where do we write first name, Maria enters 'Rodriguez' into where do we write last name, Maria enters 'malejarodri@gmail.com.co' into where do we write email, Maria select November on where do we select month, Maria select 11 on where do select day, Maria select 2000 on where do we select year, Maria clicks on Where do go to next page, Maria clicks on where do we write city, Maria enters 'Pereira' into where do we write city, Maria types 'ARROW_DOWN' in where do we write city, Maria types 'ENTER' in where do we write city, Maria enters '660001' into where do we write postal code, Maria clicks on where do we select Country, Maria enters 'Colombia' into Country, Maria types 'ENTER' in Country, Maria clicks on where do go to next page, Maria clicks on where do we select Os, Maria enters 'Linux' into Where do select os, Maria types 'ENTER' in Where do select os, Maria clicks on where do select version, Maria enters 'Debian' into where do write version, Maria types 'ENTER' in where do write version, Maria clicks on where do select language, Maria enters 'English' into where do write language, Maria types 'ENTER' in where do write language, Maria clicks on where do select mobile device, Maria enters 'Apple' into where do write mobile device, Maria types 'ENTER' in where do write mobile device, Maria clicks on where do select model, Maria enters 'iPhone' into where do write model, Maria types 'ENTER' in where do write model, Maria clicks on where do select operating system, Maria enters 'iOS 2.0' into where do write operating system, Maria types 'ENTER' in where do write operating system, Maria clicks on where do go to last step, Maria enters '123VerdeRojo*' into where do write password, Maria enters '123VerdeRojo*' into where do write confirm password, Maria clicks on where do click checkbox 1, Maria clicks on where do click checkbox 2, Maria clicks on where do click checkbox 3, Maria clicks on where do we finish register]], When she registers the data, Then she sew completes the record with the button complete setup
[Test worker] WARN net.thucydides.core.steps.BaseStepListener - testFinished: Search for a automation course:Given Maria wants to register on the Utest platform [Maria open up [Maria opens the Utest page], Maria register [Maria clicks on button that shows us the form to register, Maria enters 'Maria' into where do we write first name, Maria enters 'Rodriguez' into where do we write last name, Maria enters 'malejarodri@gmail.com.co' into where do we write email, Maria select November on where do we select month, Maria select 11 on where do select day, Maria select 2000 on where do we select year, Maria clicks on Where do go to next page, Maria clicks on where do we write city, Maria enters 'Pereira' into where do we write city, Maria types 'ARROW_DOWN' in where do we write city, Maria types 'ENTER' in where do we write city, Maria enters '660001' into where do we write postal code, Maria clicks on where do we select Country, Maria enters 'Colombia' into Country, Maria types 'ENTER' in Country, Maria clicks on where do go to next page, Maria clicks on where do we select Os, Maria enters 'Linux' into Where do select os, Maria types 'ENTER' in Where do select os, Maria clicks on where do select version, Maria enters 'Debian' into where do write version, Maria types 'ENTER' in where do write version, Maria clicks on where do select language, Maria enters 'English' into where do write language, Maria types 'ENTER' in where do write language, Maria clicks on where do select mobile device, Maria enters 'Apple' into where do write mobile device, Maria types 'ENTER' in where do write mobile device, Maria clicks on where do select model, Maria enters 'iPhone' into where do write model, Maria types 'ENTER' in where do write model, Maria clicks on where do select operating system, Maria enters 'iOS 2.0' into where do write operating system, Maria types 'ENTER' in where do write operating system, Maria clicks on where do go to last step, Maria enters '123VerdeRojo*' into where do write password, Maria enters '123VerdeRojo*' into where do write confirm password, Maria clicks on where do click checkbox 1, Maria clicks on where do click checkbox 2, Maria clicks on where do click checkbox 3, Maria clicks on where do we finish register]], When she registers the data, Then she sew completes the record with the button complete setup
[Test worker] WARN net.thucydides.core.steps.BaseStepListener - TestOutcomes: [Search for a automation course:Given Maria wants to register on the Utest platform [Maria open up [Maria opens the Utest page], Maria register [Maria clicks on button that shows us the form to register, Maria enters 'Maria' into where do we write first name, Maria enters 'Rodriguez' into where do we write last name, Maria enters 'malejarodri@gmail.com.co' into where do we write email, Maria select November on where do we select month, Maria select 11 on where do select day, Maria select 2000 on where do we select year, Maria clicks on Where do go to next page, Maria clicks on where do we write city, Maria enters 'Pereira' into where do we write city, Maria types 'ARROW_DOWN' in where do we write city, Maria types 'ENTER' in where do we write city, Maria enters '660001' into where do we write postal code, Maria clicks on where do we select Country, Maria enters 'Colombia' into Country, Maria types 'ENTER' in Country, Maria clicks on where do go to next page, Maria clicks on where do we select Os, Maria enters 'Linux' into Where do select os, Maria types 'ENTER' in Where do select os, Maria clicks on where do select version, Maria enters 'Debian' into where do write version, Maria types 'ENTER' in where do write version, Maria clicks on where do select language, Maria enters 'English' into where do write language, Maria types 'ENTER' in where do write language, Maria clicks on where do select mobile device, Maria enters 'Apple' into where do write mobile device, Maria types 'ENTER' in where do write mobile device, Maria clicks on where do select model, Maria enters 'iPhone' into where do write model, Maria types 'ENTER' in where do write model, Maria clicks on where do select operating system, Maria enters 'iOS 2.0' into where do write operating system, Maria types 'ENTER' in where do write operating system, Maria clicks on where do go to last step, Maria enters '123VerdeRojo*' into where do write password, Maria enters '123VerdeRojo*' into where do write confirm password, Maria clicks on where do click checkbox 1, Maria clicks on where do click checkbox 2, Maria clicks on where do click checkbox 3, Maria clicks on where do we finish register]], When she registers the data, Then she sew completes the record with the button complete setup]
[Test worker] WARN net.thucydides.core.steps.BaseStepListener - Final testOutcomes: [Search for a automation course:Given Maria wants to register on the Utest platform [Maria open up [Maria opens the Utest page], Maria register [Maria clicks on button that shows us the form to register, Maria enters 'Maria' into where do we write first name, Maria enters 'Rodriguez' into where do we write last name, Maria enters 'malejarodri@gmail.com.co' into where do we write email, Maria select November on where do we select month, Maria select 11 on where do select day, Maria select 2000 on where do we select year, Maria clicks on Where do go to next page, Maria clicks on where do we write city, Maria enters 'Pereira' into where do we write city, Maria types 'ARROW_DOWN' in where do we write city, Maria types 'ENTER' in where do we write city, Maria enters '660001' into where do we write postal code, Maria clicks on where do we select Country, Maria enters 'Colombia' into Country, Maria types 'ENTER' in Country, Maria clicks on where do go to next page, Maria clicks on where do we select Os, Maria enters 'Linux' into Where do select os, Maria types 'ENTER' in Where do select os, Maria clicks on where do select version, Maria enters 'Debian' into where do write version, Maria types 'ENTER' in where do write version, Maria clicks on where do select language, Maria enters 'English' into where do write language, Maria types 'ENTER' in where do write language, Maria clicks on where do select mobile device, Maria enters 'Apple' into where do write mobile device, Maria types 'ENTER' in where do write mobile device, Maria clicks on where do select model, Maria enters 'iPhone' into where do write model, Maria types 'ENTER' in where do write model, Maria clicks on where do select operating system, Maria enters 'iOS 2.0' into where do write operating system, Maria types 'ENTER' in where do write operating system, Maria clicks on where do go to last step, Maria enters '123VerdeRojo*' into where do write password, Maria enters '123VerdeRojo*' into where do write confirm password, Maria clicks on where do click checkbox 1, Maria clicks on where do click checkbox 2, Maria clicks on where do click checkbox 3, Maria clicks on where do we finish register]], When she registers the data, Then she sew completes the record with the button complete setup]
[Test worker] INFO net.thucydides.core.steps.ConsoleLoggingListener - 
        __    _____ _____ ____ _____   ____   _    ____  ____  _____ ____  
  _     \ \  |_   _| ____/ ___|_   _| |  _ \ / \  / ___|/ ___|| ____|  _ \ 
 (_)_____| |   | | |  _| \___ \ | |   | |_) / _ \ \___ \\___ \|  _| | | | |
  _|_____| |   | | | |___ ___) || |   |  __/ ___ \ ___) |___) | |___| |_| |
 (_)     | |   |_| |_____|____/ |_|   |_| /_/   \_\____/|____/|_____|____/ 
        /_/                                                                

TEST PASSED: Search for a automation course
----------------------------------------------------------------------------
]]></system-err>
</testsuite>
